<?xml version="1.0" encoding="UTF-8"?>
<testsuite xmlns:xsi="http://www.w3.org/2001/XMLSchema-instance" xsi:noNamespaceSchemaLocation="https://maven.apache.org/surefire/maven-surefire-plugin/xsd/surefire-test-report.xsd" name="com.marketai.tracking.service.FdRenewalTest" time="0.153" tests="5" errors="0" skipped="0" failures="0">
  <properties>
[...]
</properties>
  <testcase name="detectsTheActualIncident" classname="com.marketai.tracking.service.FdRenewalTest" time="0.146"/>
  <testcase name="picksClosestCandidateAmongMultiple" classname="com.marketai.tracking.service.FdRenewalTest" time="0.002"/>
  <testcase name="doesNotLinkUnrelatedFds" classname="com.marketai.tracking.service.FdRenewalTest" time="0"/>
  <testcase name="summaryExcludesRenewedFds" classname="com.marketai.tracking.service.FdRenewalTest" time="0.004"/>
  <testcase name="doesNotLinkOnAmountAloneAcrossALargeDateGap" classname="com.marketai.tracking.service.FdRenewalTest" time="0.001"/>
</testsuite>